            
                       Parameters
           -------------------------------------------------
           mass (a.u)     =    12789.391864861314
           Ix(mW/cm2)     =    7190.000000000001
           Iy(mW/cm2)     =    4993.0
           Iz(mW/cm2)     =    50.0
           wL(nm)         =    1000.0000763638333
           alpha(a.u)     =    200
           Vx(a.u)        =    2.2341649952538885e-10
           Vy(a.u)        =    1.5514862060226235e-10
           Vz(a.u)        =    1.5536613318872657e-12
           wx(a.u)        =    6.21482167358209e-11
           wy(a.u)        =    5.1789892488985595e-11
           wz(a.u)        =    5.1826183523763165e-12
           eta_x          =    1.200006675994515
           eta_z          =    0.10007007358585517
           dho_x(a.u)     =    1586.2649013463254
           dho_y(a.u)     =    1737.6709708894564
           dho_z(a.u)     =    5493.073832103351
           
      
       
                  Energies
         -------------------------
         E_ICIR:
                -(0,2,0):   1.177927018770838e-10
                -(2,0,0):   1.1762164012118301e-10
         Eo:                5.95603637885914e-11
         E_CM:
                -(0,2,0):   1.5460962687803033e-10
                -(2,0,0):   1.7540673119226125e-10
      
rm/ folder, file readed:
Ag_Li7Li7_x10000_y10000_z10000_120rm8g2l60m14_68CM8g1L60M14_Li7a200_Li7a200_kx1000_ky1000_kz1000_ix7190_iy4993_iz50_LiLi_noint_no_dipole_sinTnx6_sinTny6_sinTnz6b.eva

CM/ folder, file readed:
Ag_Li7Li7_x10000_y10000_z10000_120rm8g2l60m14_68CM8g1L60M14_Li7a200_Li7a200_kx1000_ky1000_kz1000_ix7190_iy4993_iz50_sinTnx6_sinTny6_sinTnz6b.eva

Relative energy of the first trap state: 5.794788712214456e-11
CM fundamental energy: 5.794783185392156e-11 

          C:       
            -(0,2,0):   0.3660278978767302
            -(2,0,0):   0.3330210769476257
          epsilon:       
            -(0,2,0):   -1.8609296027841338
            -(2,0,0):   -2.2657994540700988

